#-----------------------------------------------------------
# xsim v2020.1 (64-bit)
# SW Build 2902540 on Wed May 27 19:54:35 MDT 2020
# IP Build 2902112 on Wed May 27 22:43:36 MDT 2020
# Start of session at: Wed Sep  6 10:42:09 2023
# Process ID: 5487
# Current directory: /home/henry/Dropbox/NTNU/5_Klasse/TDT4295 Datamaskinprosjekt/FPGA/SIM
# Command line: xsim -source {xsim.dir/tb_snapshot.wdb/xsim_script.tcl}
# Log file: /home/henry/Dropbox/NTNU/5_Klasse/TDT4295 Datamaskinprosjekt/FPGA/SIM/xsim.log
# Journal file: /home/henry/Dropbox/NTNU/5_Klasse/TDT4295 Datamaskinprosjekt/FPGA/SIM/xsim.jou
#-----------------------------------------------------------
start_gui
source xsim.dir/tb_snapshot.wdb/xsim_script.tcl
# set_param project.enableReportConfiguration 0
# load_feature core
# current_fileset
INFO: [IP_Flow 19-234] Refreshing IP repositories
INFO: [IP_Flow 19-1704] No user IP repositories specified
INFO: [IP_Flow 19-2313] Loaded Vivado IP repository '/tools/Xilinx/Vivado/2020.1/data/ip'.
# xsim {tb_snapshot.wdb} -autoloadwcfg
create_wave_config; add_wave /; set_property needs_save false [current_wave_config]
close_sim
INFO: [Simtcl 6-16] Simulation closed
exit
INFO: [Common 17-206] Exiting xsim at Wed Sep  6 10:47:54 2023...
