#-----------------------------------------------------------
# xsim v2020.1 (64-bit)
# SW Build 2902540 on Wed May 27 19:54:35 MDT 2020
# IP Build 2902112 on Wed May 27 22:43:36 MDT 2020
# Start of session at: Mon Sep  4 12:13:30 2023
# Process ID: 13721
# Current directory: /home/henry/Dropbox/NTNU/5_Klasse/TDT4295 Datamaskinprosjekt/SIM
# Command line: xsim -mode tcl -source {xsim.dir/tb_snapshot/xsim_script.tcl}
# Log file: /home/henry/Dropbox/NTNU/5_Klasse/TDT4295 Datamaskinprosjekt/SIM/xsim.log
# Journal file: /home/henry/Dropbox/NTNU/5_Klasse/TDT4295 Datamaskinprosjekt/SIM/xsim.jou
#-----------------------------------------------------------
source xsim.dir/tb_snapshot/xsim_script.tcl
# xsim {tb_snapshot} -autoloadwcfg -tclbatch {xsim_cfg.tcl}
Vivado Simulator 2020.1
Time resolution is 1 ps
source xsim_cfg.tcl
## log_wave -recursive *
## run all
$$$ TESTBENCH: Using SystemVerilog subtractor
TB passed, adder and subtractor ready to use in production
## exit
INFO: [Common 17-206] Exiting xsim at Mon Sep  4 12:13:38 2023...
